<?xml version="1.0" encoding="UTF-8"?>
<testsuite xmlns:xsi="http://www.w3.org/2001/XMLSchema-instance" xsi:schemaLocation="https://maven.apache.org/surefire/maven-surefire-plugin/xsd/surefire-test-report.xsd" name="com.mycompany.camel.RouteXmlTest" time="1.308" tests="1" errors="1" skipped="0" failures="0">
  <properties>
    <property name="java.runtime.name" value="OpenJDK Runtime Environment"/>
    <property name="sun.boot.library.path" value="/usr/lib/jvm/java-1.8.0-openjdk-1.8.0.141-1.b16.fc25.x86_64/jre/lib/amd64"/>
    <property name="java.vm.version" value="25.141-b16"/>
    <property name="java.vm.vendor" value="Oracle Corporation"/>
    <property name="maven.multiModuleProjectDirectory" value="/home/david/Work/UCLA/apirfp/workspace/UCLA_APIM_UC_1"/>
    <property name="java.vendor.url" value="http://java.oracle.com/"/>
    <property name="path.separator" value=":"/>
    <property name="guice.disable.misplaced.annotation.check" value="true"/>
    <property name="java.vm.name" value="OpenJDK 64-Bit Server VM"/>
    <property name="file.encoding.pkg" value="sun.io"/>
    <property name="user.country" value="US"/>
    <property name="sun.java.launcher" value="SUN_STANDARD"/>
    <property name="sun.os.patch.level" value="unknown"/>
    <property name="java.vm.specification.name" value="Java Virtual Machine Specification"/>
    <property name="user.dir" value="/home/david/Work/UCLA/apirfp/workspace/UCLA_APIM_UC_1"/>
    <property name="java.runtime.version" value="1.8.0_141-b16"/>
    <property name="java.awt.graphicsenv" value="sun.awt.X11GraphicsEnvironment"/>
    <property name="java.endorsed.dirs" value="/usr/lib/jvm/java-1.8.0-openjdk-1.8.0.141-1.b16.fc25.x86_64/jre/lib/endorsed"/>
    <property name="os.arch" value="amd64"/>
    <property name="java.io.tmpdir" value="/tmp"/>
    <property name="line.separator" value="&#10;"/>
    <property name="java.vm.specification.vendor" value="Oracle Corporation"/>
    <property name="os.name" value="Linux"/>
    <property name="classworlds.conf" value="/usr/share/maven/bin/m2.conf"/>
    <property name="sun.jnu.encoding" value="UTF-8"/>
    <property name="java.library.path" value="/usr/java/packages/lib/amd64:/usr/lib64:/lib64:/lib:/usr/lib"/>
    <property name="java.specification.name" value="Java Platform API Specification"/>
    <property name="java.class.version" value="52.0"/>
    <property name="sun.management.compiler" value="HotSpot 64-Bit Tiered Compilers"/>
    <property name="os.version" value="4.11.12-200.fc25.x86_64"/>
    <property name="user.home" value="/home/david"/>
    <property name="user.timezone" value="America/Chicago"/>
    <property name="java.awt.printerjob" value="sun.print.PSPrinterJob"/>
    <property name="file.encoding" value="UTF-8"/>
    <property name="java.specification.version" value="1.8"/>
    <property name="user.name" value="david"/>
    <property name="java.class.path" value="/usr/share/maven/boot/plexus-classworlds.jar"/>
    <property name="java.vm.specification.version" value="1.8"/>
    <property name="sun.arch.data.model" value="64"/>
    <property name="java.home" value="/usr/lib/jvm/java-1.8.0-openjdk-1.8.0.141-1.b16.fc25.x86_64/jre"/>
    <property name="sun.java.command" value="org.codehaus.plexus.classworlds.launcher.Launcher install"/>
    <property name="java.specification.vendor" value="Oracle Corporation"/>
    <property name="user.language" value="en"/>
    <property name="awt.toolkit" value="sun.awt.X11.XToolkit"/>
    <property name="java.vm.info" value="mixed mode"/>
    <property name="java.version" value="1.8.0_141"/>
    <property name="java.ext.dirs" value="/usr/lib/jvm/java-1.8.0-openjdk-1.8.0.141-1.b16.fc25.x86_64/jre/lib/ext:/usr/java/packages/lib/ext"/>
    <property name="sun.boot.class.path" value="/usr/lib/jvm/java-1.8.0-openjdk-1.8.0.141-1.b16.fc25.x86_64/jre/lib/resources.jar:/usr/lib/jvm/java-1.8.0-openjdk-1.8.0.141-1.b16.fc25.x86_64/jre/lib/rt.jar:/usr/lib/jvm/java-1.8.0-openjdk-1.8.0.141-1.b16.fc25.x86_64/jre/lib/sunrsasign.jar:/usr/lib/jvm/java-1.8.0-openjdk-1.8.0.141-1.b16.fc25.x86_64/jre/lib/jsse.jar:/usr/lib/jvm/java-1.8.0-openjdk-1.8.0.141-1.b16.fc25.x86_64/jre/lib/jce.jar:/usr/lib/jvm/java-1.8.0-openjdk-1.8.0.141-1.b16.fc25.x86_64/jre/lib/charsets.jar:/usr/lib/jvm/java-1.8.0-openjdk-1.8.0.141-1.b16.fc25.x86_64/jre/lib/jfr.jar:/usr/lib/jvm/java-1.8.0-openjdk-1.8.0.141-1.b16.fc25.x86_64/jre/classes"/>
    <property name="java.vendor" value="Oracle Corporation"/>
    <property name="maven.home" value="/usr/share/maven"/>
    <property name="file.separator" value="/"/>
    <property name="java.vendor.url.bug" value="http://bugreport.sun.com/bugreport/"/>
    <property name="sun.cpu.endian" value="little"/>
    <property name="sun.io.unicode.encoding" value="UnicodeLittle"/>
    <property name="sun.desktop" value="gnome"/>
    <property name="sun.cpu.isalist" value=""/>
  </properties>
  <testcase name="testCamelRoute" classname="com.mycompany.camel.RouteXmlTest" time="1.163">
    <error type="org.apache.cxf.service.factory.ServiceConstructionException">org.apache.cxf.service.factory.ServiceConstructionException
Caused by: java.io.IOException: Cannot find any registered HttpDestinationFactory from the Bus.
</error>
    <system-out><![CDATA[[                          main] RouteXmlTest                   INFO  ********************************************************************************
[                          main] RouteXmlTest                   INFO  Testing: testCamelRoute(com.mycompany.camel.RouteXmlTest)
[                          main] RouteXmlTest                   INFO  ********************************************************************************
[                          main] DefaultTypeConverter           INFO  Loaded 208 type converters
[                          main] ceptSendToMockEndpointStrategy INFO  Adviced endpoint [file://work/cbr/input] with mock endpoint [mock:file:work/cbr/input]
[                          main] DefaultCamelContext            INFO  Apache Camel 2.17.0.redhat-630224 (CamelContext: camel-1) is starting
[                          main] DefaultManagementStrategy      INFO  JMX is disabled
[                          main] ceptSendToMockEndpointStrategy INFO  Adviced endpoint [direct://restapi] with mock endpoint [mock:direct:restapi]
[                          main] ceptSendToMockEndpointStrategy INFO  Adviced endpoint [direct://ucclienta] with mock endpoint [mock:direct:ucclienta]
[                          main] ceptSendToMockEndpointStrategy INFO  Adviced endpoint [rest://get:/uclarest:/patient/%7Bid%7D?routeId=route1] with mock endpoint [mock:rest:get:/uclarest:/patient/%7Bid%7D]
[                          main] ceptSendToMockEndpointStrategy INFO  Adviced endpoint [rest://get:/uclafhir:/patient/%7Bid%7D?routeId=route2] with mock endpoint [mock:rest:get:/uclafhir:/patient/%7Bid%7D]
[                          main] DefaultCamelContext            INFO  AllowUseOriginalMessage is enabled. If access to the original message is not needed, then its recommended to turn this option off as it may improve performance.
[                          main] DefaultCamelContext            INFO  StreamCaching is not in use. If using streams then its recommended to enable stream caching. See more details at http://camel.apache.org/stream-caching.html
[                          main] ReflectionServiceFactoryBean   INFO  Creating Service {http://ws.ucla.poc.redhat.com/}PatientWS from class com.redhat.poc.ucla.ws.PatientWS
[                          main] HTTPTransportFactory           ERROR Cannot find any registered HttpDestinationFactory from the Bus.
[                          main] DefaultCamelContext            INFO  Apache Camel 2.17.0.redhat-630224 (CamelContext: camel-1) is shutting down
[                          main] CxfEndpoint                    INFO  shutdown the bus ... org.apache.cxf.bus.extension.ExtensionManagerBus@5974109
[                          main] DefaultCamelContext            INFO  Apache Camel 2.17.0.redhat-630224 (CamelContext: camel-1) uptime 0.760 seconds
[                          main] DefaultCamelContext            INFO  Apache Camel 2.17.0.redhat-630224 (CamelContext: camel-1) is shutdown in 0.003 seconds
[                          main] RouteXmlTest                   INFO  ********************************************************************************
[                          main] RouteXmlTest                   INFO  Testing done: testCamelRoute(com.mycompany.camel.RouteXmlTest)
[                          main] RouteXmlTest                   INFO  Took: 1.159 seconds (1159 millis)
[                          main] RouteXmlTest                   INFO  ********************************************************************************
]]></system-out>
    <system-err><![CDATA[SLF4J: Class path contains multiple SLF4J bindings.
SLF4J: Found binding in [jar:file:/home/david/.m2/repository/org/slf4j/slf4j-log4j12/1.7.7.redhat-2/slf4j-log4j12-1.7.7.redhat-2.jar!/org/slf4j/impl/StaticLoggerBinder.class]
SLF4J: Found binding in [jar:file:/home/david/.m2/repository/org/slf4j/slf4j-simple/1.7.7.redhat-2/slf4j-simple-1.7.7.redhat-2.jar!/org/slf4j/impl/StaticLoggerBinder.class]
SLF4J: Found binding in [jar:file:/home/david/.m2/repository/ch/qos/logback/logback-classic/1.1.2/logback-classic-1.1.2.jar!/org/slf4j/impl/StaticLoggerBinder.class]
SLF4J: See http://www.slf4j.org/codes.html#multiple_bindings for an explanation.
SLF4J: Actual binding is of type [org.slf4j.impl.Log4jLoggerFactory]
]]></system-err>
  </testcase>
</testsuite>